"../../../Engine/Content/Animation/DefaultAnimCurveCompressionSettings.uasset" 0
"../../../Engine/Content/Animation/DefaultAnimBoneCompressionSettings.uasset" 1
"../../../Engine/Content/EngineMeshes/Humanoid.uasset" 2
"../../../../../../Users/0x5D0/Documents/Unreal Projects/FPS/Content/DefaultContent/Mannequin/Character/Mesh/UE4_Mannequin_Skeleton.uasset" 3
"../../../../../../Users/0x5D0/Documents/Unreal Projects/FPS/Content/Animations/Character/Aim_Space_Hip.uasset" 4
"../../../../../../Users/0x5D0/Documents/Unreal Projects/FPS/Content/Animations/Character/Aim_Space_Ironsights.uasset" 5
"../../../../../../Users/0x5D0/Documents/Unreal Projects/FPS/Content/Animations/Character/Crouch_Idle_Rifle_Hip.uasset" 6
"../../../../../../Users/0x5D0/Documents/Unreal Projects/FPS/Content/Animations/Character/Crouch_to_Stand_Rifle_Hip.uasset" 7
"../../../../../../Users/0x5D0/Documents/Unreal Projects/FPS/Content/Animations/Character/Crouch_to_Stand_Rifle_Ironsights.uasset" 8
"../../../../../../Users/0x5D0/Documents/Unreal Projects/FPS/Content/Animations/Character/Death_1.uasset" 9
"../../../../../../Users/0x5D0/Documents/Unreal Projects/FPS/Content/Animations/Character/Death_2.uasset" 10
"../../../../../../Users/0x5D0/Documents/Unreal Projects/FPS/Content/Animations/Character/Death_Ironsights_1.uasset" 11
"../../../../../../Users/0x5D0/Documents/Unreal Projects/FPS/Content/Animations/Character/Death_Ironsights_2.uasset" 12
"../../../../../../Users/0x5D0/Documents/Unreal Projects/FPS/Content/Animations/Character/Equip_Pistol_Standing.uasset" 13
"../../../../../../Users/0x5D0/Documents/Unreal Projects/FPS/Content/Animations/Character/Equip_Rifle_Standing.uasset" 14
"../../../../../../Users/0x5D0/Documents/Unreal Projects/FPS/Content/Animations/Character/Fire_Shotgun_Hip.uasset" 15
"../../../../../../Users/0x5D0/Documents/Unreal Projects/FPS/Content/Animations/Character/Fire_Shotgun_Ironsights.uasset" 16
"../../../../../../Users/0x5D0/Documents/Unreal Projects/FPS/Content/Animations/Character/Hit_React_1.uasset" 17
"../../../../../../Users/0x5D0/Documents/Unreal Projects/FPS/Content/Animations/Character/Hit_React_2.uasset" 18
"../../../../../../Users/0x5D0/Documents/Unreal Projects/FPS/Content/Animations/Character/Hit_React_3.uasset" 19
"../../../../../../Users/0x5D0/Documents/Unreal Projects/FPS/Content/Animations/Character/Hit_React_4.uasset" 20
"../../../../../../Users/0x5D0/Documents/Unreal Projects/FPS/Content/Animations/Character/Idle_Ironsight.uasset" 21
"../../../../../../Users/0x5D0/Documents/Unreal Projects/FPS/Content/Animations/Character/Idle_Pistol.uasset" 22
"../../../../../../Users/0x5D0/Documents/Unreal Projects/FPS/Content/Animations/Character/Idle_Rifle_Hip.uasset" 23
"../../../../../../Users/0x5D0/Documents/Unreal Projects/FPS/Content/Animations/Character/Idle_Rifle_Hip_Break1.uasset" 24
"../../../../../../Users/0x5D0/Documents/Unreal Projects/FPS/Content/Animations/Character/Idle_Rifle_Hip_Break2.uasset" 25
"../../../../../../Users/0x5D0/Documents/Unreal Projects/FPS/Content/Animations/Character/Jump_From_Stand.uasset" 26
"../../../../../../Users/0x5D0/Documents/Unreal Projects/FPS/Content/Animations/Character/Jump_From_Stand_Ironsights.uasset" 27
"../../../../../../Users/0x5D0/Documents/Unreal Projects/FPS/Content/Animations/Character/Mat_Robot_police_body.uasset" 28
"../../../../../../Users/0x5D0/Documents/Unreal Projects/FPS/Content/Animations/Character/Mat_Robot_police_hands.uasset" 29
"../../../../../../Users/0x5D0/Documents/Unreal Projects/FPS/Content/Animations/Character/Mat_Robot_police_helmet.uasset" 30
"../../../../../../Users/0x5D0/Documents/Unreal Projects/FPS/Content/Animations/Character/Mat_Robot_police_legs.uasset" 31
"../../../../../../Users/0x5D0/Documents/Unreal Projects/FPS/Content/Animations/Character/Prone_Death_1.uasset" 32
"../../../../../../Users/0x5D0/Documents/Unreal Projects/FPS/Content/Animations/Character/Prone_Death_2.uasset" 33
"../../../../../../Users/0x5D0/Documents/Unreal Projects/FPS/Content/Animations/Character/Prone_Fire_1.uasset" 34
"../../../../../../Users/0x5D0/Documents/Unreal Projects/FPS/Content/Animations/Character/Prone_Fire_2.uasset" 35
"../../../../../../Users/0x5D0/Documents/Unreal Projects/FPS/Content/Animations/Character/Prone_Idle.uasset" 36
"../../../../../../Users/0x5D0/Documents/Unreal Projects/FPS/Content/Animations/Character/Prone_Reload_Rifle.uasset" 37
"../../../../../../Users/0x5D0/Documents/Unreal Projects/FPS/Content/Animations/Character/Prone_Reload_Shotgun.uasset" 38
"../../../../../../Users/0x5D0/Documents/Unreal Projects/FPS/Content/Animations/Character/Prone_To_Stand.uasset" 39
"../../../../../../Users/0x5D0/Documents/Unreal Projects/FPS/Content/Animations/Character/Reload_Pistol.uasset" 40
"../../../../../../Users/0x5D0/Documents/Unreal Projects/FPS/Content/Animations/Character/Reload_Rifle_Hip.uasset" 41
"../../../../../../Users/0x5D0/Documents/Unreal Projects/FPS/Content/Animations/Character/Reload_Rifle_Ironsights.uasset" 42
"../../../../../../Users/0x5D0/Documents/Unreal Projects/FPS/Content/Animations/Character/Reload_Shotgun_Hip.uasset" 43
"../../../../../../Users/0x5D0/Documents/Unreal Projects/FPS/Content/Animations/Character/Reload_Shotgun_Ironsights.uasset" 44
"../../../../../../Users/0x5D0/Documents/Unreal Projects/FPS/Content/Animations/Character/Stand_to_Crouch_Rifle_Hip.uasset" 45
"../../../../../../Users/0x5D0/Documents/Unreal Projects/FPS/Content/Animations/Character/Stand_to_Crouch_Rifle_Ironsights.uasset" 46
"../../../../../../Users/0x5D0/Documents/Unreal Projects/FPS/Content/Animations/Character/Stand_To_Prone.uasset" 47
"../../../../../../Users/0x5D0/Documents/Unreal Projects/FPS/Content/Animations/Character/Turn_Left_90_Combat_Anim.uasset" 48
"../../../../../../Users/0x5D0/Documents/Unreal Projects/FPS/Content/Animations/Character/Turn_Right_90_Combat_Anim.uasset" 49
"../../../../../../Users/0x5D0/Documents/Unreal Projects/FPS/Content/Animations/Character/Death_3.uasset" 50
"../../../../../../Users/0x5D0/Documents/Unreal Projects/FPS/Content/Animations/Character/Montages/Death_3_Montage.uasset" 51
"../../../../../../Users/0x5D0/Documents/Unreal Projects/FPS/Content/Animations/Character/Fire_Rifle_Ironsights.uasset" 52
"../../../../../../Users/0x5D0/Documents/Unreal Projects/FPS/Content/Animations/Character/Montages/Fire_Rifle_Ironsights_Montage.uasset" 53
"../../../Engine/Content/EngineMaterials/BlendFunc_DefBlend.uasset" 54
"../../../Engine/Content/EngineMaterials/BlendFunc_DefBase.uasset" 55
"../../../../../../Users/0x5D0/Documents/Unreal Projects/FPS/Content/Textures/Tiles/T_FlatMid.uasset" 56
"../../../../../../Users/0x5D0/Documents/Unreal Projects/FPS/Content/Materials/TestSphere/Textures/T_BaseMaterial_v01_ORM.uasset" 57
"../../../../../../Users/0x5D0/Documents/Unreal Projects/FPS/Content/Materials/TestSphere/Textures/T_BaseMaterial_v01_N.uasset" 58
"../../../../../../Users/0x5D0/Documents/Unreal Projects/FPS/Content/Materials/TestSphere/Textures/T_BaseMaterial_v01_ID.uasset" 59
"../../../../../../Users/0x5D0/Documents/Unreal Projects/FPS/Content/Materials/TestSphere/Textures/T_BaseMaterial_v01_D.uasset" 60
"../../../Engine/Content/EngineResources/DefaultTexture.uasset" 61
"../../../Engine/Content/Functions/Engine_MaterialFunctions03/Blends/Blend_Overlay.uasset" 62
"../../../Engine/Content/Functions/Engine_MaterialFunctions02/Texturing/CustomRotator.uasset" 63
"../../../Engine/Content/Functions/Engine_MaterialFunctions02/Utility/BreakOutFloat2Components.uasset" 64
"../../../Engine/Content/Functions/Engine_MaterialFunctions01/Texturing/ScaleUVsByCenter.uasset" 65
"../../../../../../Users/0x5D0/Documents/Unreal Projects/FPS/Content/Materials/M_MKT_MasterMaterial_v04.uasset" 66
"../../../../../../Users/0x5D0/Documents/Unreal Projects/FPS/Content/Meshes/Modules/CF_vol3_RuSpecial/Vest/T_RuSpecial_Vest_ORM.uasset" 67
"../../../../../../Users/0x5D0/Documents/Unreal Projects/FPS/Content/Meshes/Modules/CF_vol3_RuSpecial/Vest/T_RuSpecial_Vest_N.uasset" 68
"../../../../../../Users/0x5D0/Documents/Unreal Projects/FPS/Content/Meshes/Modules/CF_vol3_RuSpecial/Vest/T_RuSpecial_Vest_ID.uasset" 69
"../../../../../../Users/0x5D0/Documents/Unreal Projects/FPS/Content/Meshes/Modules/CF_vol3_RuSpecial/Vest/T_RuSpecial_Vest_D.uasset" 70
"../../../../../../Users/0x5D0/Documents/Unreal Projects/FPS/Content/Meshes/Modules/CF_vol3_RuSpecial/Vest/MI_Vest_RuSpecial.uasset" 71
"../../../../../../Users/0x5D0/Documents/Unreal Projects/FPS/Content/DefaultContent/Mannequin/Character/Mesh/SK_Mannequin_PhysicsAsset.uasset" 72
"../../../../../../Users/0x5D0/Documents/Unreal Projects/FPS/Content/Meshes/Modules/CF_vol3_RuSpecial/Vest/SK_RuSpecial_Vest.uasset" 73
"../../../../../../Users/0x5D0/Documents/Unreal Projects/FPS/Content/Meshes/Modules/CF_vol3_RuSpecial/Sleeve/SK_RuSpecial_Sleeve_PhysicsAsset.uasset" 74
"../../../../../../Users/0x5D0/Documents/Unreal Projects/FPS/Content/Meshes/Modules/CF_vol3_RuSpecial/Sleeve/T_RuSpecial_sleeve_ORM.uasset" 75
"../../../../../../Users/0x5D0/Documents/Unreal Projects/FPS/Content/Meshes/Modules/CF_vol3_RuSpecial/Sleeve/T_RuSpecial_sleeve_N.uasset" 76
"../../../../../../Users/0x5D0/Documents/Unreal Projects/FPS/Content/Meshes/Modules/CF_vol3_RuSpecial/Sleeve/T_RuSpecial_sleeve_ID.uasset" 77
"../../../../../../Users/0x5D0/Documents/Unreal Projects/FPS/Content/Meshes/Modules/CF_vol3_RuSpecial/Sleeve/T_RuSpecial_sleeve_D.uasset" 78
"../../../../../../Users/0x5D0/Documents/Unreal Projects/FPS/Content/Textures/Tiles/checker.uasset" 79
"../../../../../../Users/0x5D0/Documents/Unreal Projects/FPS/Content/Textures/Decals/T_decal_police.uasset" 80
"../../../../../../Users/0x5D0/Documents/Unreal Projects/FPS/Content/Meshes/Modules/CF_vol3_RuSpecial/Sleeve/MI_Sleeve_RuSpecial.uasset" 81
"../../../../../../Users/0x5D0/Documents/Unreal Projects/FPS/Content/Meshes/Modules/CF_vol3_RuSpecial/Sleeve/SK_RuSpecial_Sleeve.uasset" 82
"../../../../../../Users/0x5D0/Documents/Unreal Projects/FPS/Content/Meshes/Modules/CF_vol3_RuSpecial/Pants/SK_RuSpecial_Pants_PhysicsAsset.uasset" 83
"../../../../../../Users/0x5D0/Documents/Unreal Projects/FPS/Content/Meshes/Modules/CF_vol3_RuSpecial/Pants/T_RuSpecial_Pants_ORM.uasset" 84
"../../../../../../Users/0x5D0/Documents/Unreal Projects/FPS/Content/Meshes/Modules/CF_vol3_RuSpecial/Pants/T_RuSpecial_Pants_N.uasset" 85
"../../../../../../Users/0x5D0/Documents/Unreal Projects/FPS/Content/Meshes/Modules/CF_vol3_RuSpecial/Pants/T_RuSpecial_Pants_ID.uasset" 86
"../../../../../../Users/0x5D0/Documents/Unreal Projects/FPS/Content/Meshes/Modules/CF_vol3_RuSpecial/Pants/T_RuSpecial_Pants_D.uasset" 87
"../../../../../../Users/0x5D0/Documents/Unreal Projects/FPS/Content/Meshes/Modules/CF_vol3_RuSpecial/Pants/MI_Sleeve_RuSpecial.uasset" 88
"../../../../../../Users/0x5D0/Documents/Unreal Projects/FPS/Content/Meshes/Modules/CF_vol3_RuSpecial/Pants/SK_RuSpecial_Pants.uasset" 89
"../../../../../../Users/0x5D0/Documents/Unreal Projects/FPS/Content/Materials/M_Skin_Master.uasset" 90
"../../../../../../Users/0x5D0/Documents/Unreal Projects/FPS/Content/Materials/MI_FaceB.uasset" 91
"../../../../../../Users/0x5D0/Documents/Unreal Projects/FPS/Content/Materials/Eyes/T_SecondReflection_mkt.uasset" 92
"../../../../../../Users/0x5D0/Documents/Unreal Projects/FPS/Content/Materials/Eyes/T_EyeScleraBaseColor_mkt.uasset" 93
"../../../../../../Users/0x5D0/Documents/Unreal Projects/FPS/Content/Materials/Eyes/T_EyeNormals_MKT.uasset" 94
"../../../../../../Users/0x5D0/Documents/Unreal Projects/FPS/Content/Materials/Eyes/T_EyeDisplaceMkt.uasset" 95
"../../../../../../Users/0x5D0/Documents/Unreal Projects/FPS/Content/Materials/Eyes/T_EyeBaseColorD_mkt.uasset" 96
"../../../../../../Users/0x5D0/Documents/Unreal Projects/FPS/Content/Materials/Eyes/T_Eye_Wet_Normal_MKT.uasset" 97
"../../../Engine/Content/Functions/Engine_MaterialFunctions02/Utility/VectorLength.uasset" 98
"../../../Engine/Content/Functions/Engine_MaterialFunctions02/Utility/MakeFloat2.uasset" 99
"../../../Engine/Content/Functions/Engine_MaterialFunctions02/TangentBasis.uasset" 100
"../../../../../../Users/0x5D0/Documents/Unreal Projects/FPS/Content/Materials/MaterialFunctions/ML_EyeRefraction.uasset" 101
"../../../Engine/Content/Functions/Engine_MaterialFunctions01/Texturing/FlattenNormal.uasset" 102
"../../../../../../Users/0x5D0/Documents/Unreal Projects/FPS/Content/Materials/M_Eye.uasset" 103
"../../../../../../Users/0x5D0/Documents/Unreal Projects/FPS/Content/Materials/MI_EyeMaterial.uasset" 104
"../../../../../../Users/0x5D0/Documents/Unreal Projects/FPS/Content/Meshes/Modules/CF_vol3_RuSpecial/Helmet/SK_RuSpecial_HelmetA_PhysicsAsset.uasset" 105
"../../../../../../Users/0x5D0/Documents/Unreal Projects/FPS/Content/Meshes/Modules/CF_vol3_RuSpecial/Helmet/T_RuSpecial_HelmetA_ORM.uasset" 106
"../../../../../../Users/0x5D0/Documents/Unreal Projects/FPS/Content/Meshes/Modules/CF_vol3_RuSpecial/Helmet/T_RuSpecial_HelmetA_N.uasset" 107
"../../../../../../Users/0x5D0/Documents/Unreal Projects/FPS/Content/Meshes/Modules/CF_vol3_RuSpecial/Helmet/T_RuSpecial_HelmetA_ID.uasset" 108
"../../../../../../Users/0x5D0/Documents/Unreal Projects/FPS/Content/Meshes/Modules/CF_vol3_RuSpecial/Helmet/T_RuSpecial_HelmetA_D.uasset" 109
"../../../../../../Users/0x5D0/Documents/Unreal Projects/FPS/Content/Meshes/Modules/CF_vol3_RuSpecial/Helmet/MI_Helmet_RuSpecialA.uasset" 110
"../../../../../../Users/0x5D0/Documents/Unreal Projects/FPS/Content/Materials/M_Glass.uasset" 111
"../../../../../../Users/0x5D0/Documents/Unreal Projects/FPS/Content/Meshes/Modules/CF_vol3_RuSpecial/Helmet/MI_GlassHelmet.uasset" 112
"../../../../../../Users/0x5D0/Documents/Unreal Projects/FPS/Content/Meshes/Modules/CF_vol3_RuSpecial/Helmet/SK_RuSpecial_HelmetA.uasset" 113
"../../../../../../Users/0x5D0/Documents/Unreal Projects/FPS/Content/Meshes/Modules/CF_vol3_RuSpecial/Gloves/SK_Gloves02_PhysicsAsset.uasset" 114
"../../../../../../Users/0x5D0/Documents/Unreal Projects/FPS/Content/Meshes/Modules/CF_vol3_RuSpecial/Gloves/T_RuSpecial_Gloves_ORM.uasset" 115
"../../../../../../Users/0x5D0/Documents/Unreal Projects/FPS/Content/Meshes/Modules/CF_vol3_RuSpecial/Gloves/T_RuSpecial_Gloves_N.uasset" 116
"../../../../../../Users/0x5D0/Documents/Unreal Projects/FPS/Content/Meshes/Modules/CF_vol3_RuSpecial/Gloves/T_RuSpecial_Gloves_ID.uasset" 117
"../../../../../../Users/0x5D0/Documents/Unreal Projects/FPS/Content/Meshes/Modules/CF_vol3_RuSpecial/Gloves/T_RuSpecial_Gloves_D.uasset" 118
"../../../../../../Users/0x5D0/Documents/Unreal Projects/FPS/Content/Meshes/Modules/CF_vol3_RuSpecial/Gloves/MI_Gloves_02.uasset" 119
"../../../../../../Users/0x5D0/Documents/Unreal Projects/FPS/Content/Meshes/Modules/CF_vol3_RuSpecial/Gloves/SK_Gloves02.uasset" 120
"../../../../../../Users/0x5D0/Documents/Unreal Projects/FPS/Content/Textures/RU74/T_RU74_Stock_NRM.uasset" 121
"../../../../../../Users/0x5D0/Documents/Unreal Projects/FPS/Content/Textures/RU74/T_RU74_Stock_M_MSK.uasset" 122
"../../../../../../Users/0x5D0/Documents/Unreal Projects/FPS/Content/Textures/RU74/T_RU74_Stock_ALB.uasset" 123
"../../../../../../Users/0x5D0/Documents/Unreal Projects/FPS/Content/Textures/RU74/T_RU74_Body_NRM.uasset" 124
"../../../../../../Users/0x5D0/Documents/Unreal Projects/FPS/Content/Textures/RU74/T_RU74_Body_M_MSK.uasset" 125
"../../../../../../Users/0x5D0/Documents/Unreal Projects/FPS/Content/Textures/RU74/T_RU74_Body_ALB.uasset" 126
"../../../../../../Users/0x5D0/Documents/Unreal Projects/FPS/Content/Materials/RU74/M_RU74_Master.uasset" 127
"../../../../../../Users/0x5D0/Documents/Unreal Projects/FPS/Content/Materials/RU74/M_RU74_Body.uasset" 128
"../../../../../../Users/0x5D0/Documents/Unreal Projects/FPS/Content/Materials/RU74/M_RU74_Stock.uasset" 129
"../../../../../../Users/0x5D0/Documents/Unreal Projects/FPS/Content/Textures/RU74/T_RU74_Mag_NRM.uasset" 130
"../../../../../../Users/0x5D0/Documents/Unreal Projects/FPS/Content/Textures/RU74/T_RU74_Mag_M_MSK.uasset" 131
"../../../../../../Users/0x5D0/Documents/Unreal Projects/FPS/Content/Textures/RU74/T_RU74_Mag_ALB.uasset" 132
"../../../../../../Users/0x5D0/Documents/Unreal Projects/FPS/Content/Materials/RU74/M_RU74_Mag.uasset" 133
"../../../../../../Users/0x5D0/Documents/Unreal Projects/FPS/Content/Meshes/RU74/SK_RU74_Skeleton.uasset" 134
"../../../../../../Users/0x5D0/Documents/Unreal Projects/FPS/Content/Meshes/RU74/SK_RU74_NoAddons.uasset" 135
"../../../../../../Users/0x5D0/Documents/Unreal Projects/FPS/Content/Blueprints/Weapons/AK74/ABP_AK74.uasset" 136
"../../../../../../Users/0x5D0/Documents/Unreal Projects/FPS/Content/Particles/Materials/M_Tracer_01.uasset" 137
"../../../../../../Users/0x5D0/Documents/Unreal Projects/FPS/Content/Particles/Meshes/St_Tracer_A.uasset" 138
"../../../../../../Users/0x5D0/Documents/Unreal Projects/FPS/Content/Particles/P_AssaultRifle_Tracer.uasset" 139
"../../../../../../Users/0x5D0/Documents/Unreal Projects/FPS/Content/Blueprints/Player/DT_BodyParts.uasset" 140
"../../../../../../Users/0x5D0/Documents/Unreal Projects/FPS/Content/Blueprints/Weapons/BP_ProjectileMaster.uasset" 141
"../../../../../../Users/0x5D0/Documents/Unreal Projects/FPS/Content/Blueprints/Weapons/AK74/BP_AK74_Projectile.uasset" 142
"../../../../../../Users/0x5D0/Documents/Unreal Projects/FPS/Content/Textures/Ammunition/T_762x39_NRM.uasset" 143
"../../../../../../Users/0x5D0/Documents/Unreal Projects/FPS/Content/Textures/Ammunition/T_762x39_M_MSK.uasset" 144
"../../../../../../Users/0x5D0/Documents/Unreal Projects/FPS/Content/Textures/Ammunition/T_762x39_ALB.uasset" 145
"../../../../../../Users/0x5D0/Documents/Unreal Projects/FPS/Content/Materials/Ammunition/M_762x39.uasset" 146
"../../../../../../Users/0x5D0/Documents/Unreal Projects/FPS/Content/Meshes/Ammunition/SM_762x39_Empty.uasset" 147
"../../../../../../Users/0x5D0/Documents/Unreal Projects/FPS/Content/Particles/Textures/T_Smoke_SubUV_2x2_ALB.uasset" 148
"../../../../../../Users/0x5D0/Documents/Unreal Projects/FPS/Content/Particles/Materials/M_Smoke_MASTER.uasset" 149
"../../../../../../Users/0x5D0/Documents/Unreal Projects/FPS/Content/Particles/Emitters/AR74/P_RU74_ShellEject.uasset" 150
"../../../../../../Users/0x5D0/Documents/Unreal Projects/FPS/Content/Particles/Textures/T_Detailed_FMP.uasset" 151
"../../../../../../Users/0x5D0/Documents/Unreal Projects/FPS/Content/Particles/Textures/T_Detailed_and_Dense_FMP.uasset" 152
"../../../../../../Users/0x5D0/Documents/Unreal Projects/FPS/Content/Particles/Textures/T_CleanSmoke_ALB.uasset" 153
"../../../../../../Users/0x5D0/Documents/Unreal Projects/FPS/Content/Particles/Materials/M_Smoke_FlowMap_MASTER.uasset" 154
"../../../../../../Users/0x5D0/Documents/Unreal Projects/FPS/Content/Particles/Materials/M_Smoke_FlowMap_01.uasset" 155
"../../../../../../Users/0x5D0/Documents/Unreal Projects/FPS/Content/Particles/Textures/T_Muzzleflash_01_ALB.uasset" 156
"../../../../../../Users/0x5D0/Documents/Unreal Projects/FPS/Content/Particles/Textures/T_Muzzle_Warp_FMP.uasset" 157
"../../../../../../Users/0x5D0/Documents/Unreal Projects/FPS/Content/Particles/Materials/M_Muzzleflash_MASTER.uasset" 158
"../../../../../../Users/0x5D0/Documents/Unreal Projects/FPS/Content/Particles/Materials/M_Muzzleflash_01.uasset" 159
"../../../Engine/Content/Functions/Engine_MaterialFunctions01/Density/ExponentialDensity.uasset" 160
"../../../Engine/Content/Functions/Engine_MaterialFunctions01/Gradient/RadialGradientExponential.uasset" 161
"../../../../../../Users/0x5D0/Documents/Unreal Projects/FPS/Content/Particles/Materials/M_Spark.uasset" 162
"../../../../../../Users/0x5D0/Documents/Unreal Projects/FPS/Content/Particles/Emitters/AR74/P_RU74_Muzzleflash.uasset" 163
"../../../../../../Users/0x5D0/Documents/Unreal Projects/FPS/Content/Audio/Wave/AK74/Wave_AK74_Shot_2.uasset" 164
"../../../../../../Users/0x5D0/Documents/Unreal Projects/FPS/Content/Audio/Wave/AK74/Wave_AK74_Shot_1.uasset" 165
"../../../../../../Users/0x5D0/Documents/Unreal Projects/FPS/Content/Audio/BulletAttenuation.uasset" 166
"../../../../../../Users/0x5D0/Documents/Unreal Projects/FPS/Content/Audio/Cue/Cue_AK74.uasset" 167
"../../../../../../Users/0x5D0/Documents/Unreal Projects/FPS/Content/Animations/RU74/A_RU74_Shoot01.uasset" 168
"../../../../../../Users/0x5D0/Documents/Unreal Projects/FPS/Content/Animations/RU74/A_RU74_Shoot01_Montage.uasset" 169
"../../../../../../Users/0x5D0/Documents/Unreal Projects/FPS/Content/Animations/RU74/A_RU74_Reload.uasset" 170
"../../../../../../Users/0x5D0/Documents/Unreal Projects/FPS/Content/Animations/RU74/A_RU74_Reload_Montage.uasset" 171
"../../../../../../Users/0x5D0/Documents/Unreal Projects/FPS/Content/Animations/Character/Fire_Rifle_Hip.uasset" 172
"../../../../../../Users/0x5D0/Documents/Unreal Projects/FPS/Content/Animations/Character/Montages/Fire_Rifle_Hip_Montage.uasset" 173
"../../../../../../Users/0x5D0/Documents/Unreal Projects/FPS/Content/Blueprints/Weapons/DT_Weapons.uasset" 174
"../../../../../../Users/0x5D0/Documents/Unreal Projects/FPS/Content/Blueprints/Weapons/BP_BaseWeapon.uasset" 175
"../../../../../../Users/0x5D0/Documents/Unreal Projects/FPS/Content/Blueprints/Weapons/AK74/BP_AK74_Weapon.uasset" 176
"../../../../../../Users/0x5D0/Documents/Unreal Projects/FPS/Content/Blueprints/CameraShakes/CameraShakeWalk.uasset" 177
"../../../../../../Users/0x5D0/Documents/Unreal Projects/FPS/Content/Blueprints/CameraShakes/CameraShakeSprint.uasset" 178
"../../../../../../Users/0x5D0/Documents/Unreal Projects/FPS/Content/Blueprints/Player/BP_PlayerCharacter.uasset" 179
"../../../Engine/Content/EditorBlueprintResources/StandardMacros.uasset" 180
"../../../../../../Users/0x5D0/Documents/Unreal Projects/FPS/Content/Animations/Character/Turn_Right_90_Crouch_Anim.uasset" 181
"../../../../../../Users/0x5D0/Documents/Unreal Projects/FPS/Content/Animations/Character/Turn_Left_90_Crouch_Anim.uasset" 182
"../../../../../../Users/0x5D0/Documents/Unreal Projects/FPS/Content/Animations/Character/Rifle_TurnR_90.uasset" 183
"../../../../../../Users/0x5D0/Documents/Unreal Projects/FPS/Content/Animations/Character/Rifle_TurnL_90.uasset" 184
"../../../../../../Users/0x5D0/Documents/Unreal Projects/FPS/Content/Animations/Character/Jump_From_Jog_Start.uasset" 185
"../../../../../../Users/0x5D0/Documents/Unreal Projects/FPS/Content/Animations/Character/Jump_From_Jog_Loop.uasset" 186
"../../../../../../Users/0x5D0/Documents/Unreal Projects/FPS/Content/Animations/Character/Jump_From_Jog_End.uasset" 187
"../../../../../../Users/0x5D0/Documents/Unreal Projects/FPS/Content/Animations/Character/Walk_R.uasset" 188
"../../../../../../Users/0x5D0/Documents/Unreal Projects/FPS/Content/Animations/Character/Walk_L.uasset" 189
"../../../../../../Users/0x5D0/Documents/Unreal Projects/FPS/Content/Animations/Character/Walk_FR.uasset" 190
"../../../../../../Users/0x5D0/Documents/Unreal Projects/FPS/Content/Animations/Character/Walk_FL.uasset" 191
"../../../../../../Users/0x5D0/Documents/Unreal Projects/FPS/Content/Animations/Character/Walk_F.uasset" 192
"../../../../../../Users/0x5D0/Documents/Unreal Projects/FPS/Content/Animations/Character/Walk_BR.uasset" 193
"../../../../../../Users/0x5D0/Documents/Unreal Projects/FPS/Content/Animations/Character/Walk_BL.uasset" 194
"../../../../../../Users/0x5D0/Documents/Unreal Projects/FPS/Content/Animations/Character/Walk_B.uasset" 195
"../../../../../../Users/0x5D0/Documents/Unreal Projects/FPS/Content/Animations/Character/Sprint_R.uasset" 196
"../../../../../../Users/0x5D0/Documents/Unreal Projects/FPS/Content/Animations/Character/Sprint_L.uasset" 197
"../../../../../../Users/0x5D0/Documents/Unreal Projects/FPS/Content/Animations/Character/Sprint_FR.uasset" 198
"../../../../../../Users/0x5D0/Documents/Unreal Projects/FPS/Content/Animations/Character/Sprint_FL.uasset" 199
"../../../../../../Users/0x5D0/Documents/Unreal Projects/FPS/Content/Animations/Character/Sprint_F.uasset" 200
"../../../../../../Users/0x5D0/Documents/Unreal Projects/FPS/Content/Animations/Character/Idle_Rifle_Ironsights.uasset" 201
"../../../../../../Users/0x5D0/Documents/Unreal Projects/FPS/Content/Animations/Blendpaces/BS_Jog_Ironsight.uasset" 202
"../../../../../../Users/0x5D0/Documents/Unreal Projects/FPS/Content/Animations/Character/Crouch_Walk_R.uasset" 203
"../../../../../../Users/0x5D0/Documents/Unreal Projects/FPS/Content/Animations/Character/Crouch_Walk_L.uasset" 204
"../../../../../../Users/0x5D0/Documents/Unreal Projects/FPS/Content/Animations/Character/Crouch_Walk_FR.uasset" 205
"../../../../../../Users/0x5D0/Documents/Unreal Projects/FPS/Content/Animations/Character/Crouch_Walk_FL.uasset" 206
"../../../../../../Users/0x5D0/Documents/Unreal Projects/FPS/Content/Animations/Character/Crouch_Walk_F.uasset" 207
"../../../../../../Users/0x5D0/Documents/Unreal Projects/FPS/Content/Animations/Character/Crouch_Walk_BR.uasset" 208
"../../../../../../Users/0x5D0/Documents/Unreal Projects/FPS/Content/Animations/Character/Crouch_Walk_BL.uasset" 209
"../../../../../../Users/0x5D0/Documents/Unreal Projects/FPS/Content/Animations/Character/Crouch_Walk_B.uasset" 210
"../../../../../../Users/0x5D0/Documents/Unreal Projects/FPS/Content/Animations/Character/Crouch_Idle.uasset" 211
"../../../../../../Users/0x5D0/Documents/Unreal Projects/FPS/Content/Animations/Blendpaces/BS_Crouch_Ironsight.uasset" 212
"../../../../../../Users/0x5D0/Documents/Unreal Projects/FPS/Content/Animations/AimOffset/Aim_Right_Up.uasset" 213
"../../../../../../Users/0x5D0/Documents/Unreal Projects/FPS/Content/Animations/AimOffset/Aim_Right_Down.uasset" 214
"../../../../../../Users/0x5D0/Documents/Unreal Projects/FPS/Content/Animations/AimOffset/Aim_Right_Center.uasset" 215
"../../../../../../Users/0x5D0/Documents/Unreal Projects/FPS/Content/Animations/AimOffset/Aim_Left_Up.uasset" 216
"../../../../../../Users/0x5D0/Documents/Unreal Projects/FPS/Content/Animations/AimOffset/Aim_Left_Down.uasset" 217
"../../../../../../Users/0x5D0/Documents/Unreal Projects/FPS/Content/Animations/AimOffset/Aim_Left_Center.uasset" 218
"../../../../../../Users/0x5D0/Documents/Unreal Projects/FPS/Content/Animations/AimOffset/Aim_Center_Up.uasset" 219
"../../../../../../Users/0x5D0/Documents/Unreal Projects/FPS/Content/Animations/AimOffset/Aim_Center_Down.uasset" 220
"../../../../../../Users/0x5D0/Documents/Unreal Projects/FPS/Content/Animations/AimOffset/Aim_Center.uasset" 221
"../../../../../../Users/0x5D0/Documents/Unreal Projects/FPS/Content/Animations/AimOffset/AimOffset.uasset" 222
"../../../../../../Users/0x5D0/Documents/Unreal Projects/FPS/Content/Animations/Character/Crouch_Idle_Rifle_Ironsights.uasset" 223
"../../../../../../Users/0x5D0/Documents/Unreal Projects/FPS/Content/Blueprints/Player/ABP_PlayerCharacter.uasset" 224
"../../../../../../Users/0x5D0/Documents/Unreal Projects/FPS/Content/Animations/Notifies/ReloadNotify.uasset" 225
"../../../../../../Users/0x5D0/Documents/Unreal Projects/FPS/Content/Animations/RU74/Char_Reload_AK74.uasset" 226
"../../../../../../Users/0x5D0/Documents/Unreal Projects/FPS/Content/Animations/Character/Montages/Char_Reload_AK74_Montage.uasset" 227
"../../../../../../Users/0x5D0/Documents/Unreal Projects/FPS/Content/Animations/Character/Montages/Reload_Rifle_Ironsights_Montage.uasset" 228
"../../../../../../Users/0x5D0/Documents/Unreal Projects/FPS/Content/Animations/RU74/A_RU74_Reload_Empty.uasset" 229
"../../../../../../Users/0x5D0/Documents/Unreal Projects/FPS/Content/Audio/Wave/Bullets/BulletShell_6.uasset" 230
"../../../../../../Users/0x5D0/Documents/Unreal Projects/FPS/Content/Audio/Wave/Bullets/BulletShell_5.uasset" 231
"../../../../../../Users/0x5D0/Documents/Unreal Projects/FPS/Content/Audio/Wave/Bullets/BulletShell_4.uasset" 232
"../../../../../../Users/0x5D0/Documents/Unreal Projects/FPS/Content/Audio/Wave/Bullets/BulletShell_3.uasset" 233
"../../../../../../Users/0x5D0/Documents/Unreal Projects/FPS/Content/Audio/Wave/Bullets/BulletShell_2.uasset" 234
"../../../../../../Users/0x5D0/Documents/Unreal Projects/FPS/Content/Audio/Wave/Bullets/BulletShell_1.uasset" 235
"../../../../../../Users/0x5D0/Documents/Unreal Projects/FPS/Content/Audio/Cue/BulletShell_Cue.uasset" 236
"../../../../../../Users/0x5D0/Documents/Unreal Projects/FPS/Content/DefaultContent/FPS_Arms/Textures/Arms/T_Arms_Bloody_NRM.uasset" 237
"../../../../../../Users/0x5D0/Documents/Unreal Projects/FPS/Content/DefaultContent/FPS_Arms/Textures/Arms/T_Arms_Bloody_M_MSK.uasset" 238
"../../../../../../Users/0x5D0/Documents/Unreal Projects/FPS/Content/DefaultContent/FPS_Arms/Textures/Arms/T_Arms_Bloody_ALB.uasset" 239
"../../../../../../Users/0x5D0/Documents/Unreal Projects/FPS/Content/DefaultContent/FPS_Arms/Textures/Arms/T_Arms_NRM.uasset" 240
"../../../../../../Users/0x5D0/Documents/Unreal Projects/FPS/Content/DefaultContent/FPS_Arms/Textures/Arms/T_Arms_M_MSK.uasset" 241
"../../../../../../Users/0x5D0/Documents/Unreal Projects/FPS/Content/DefaultContent/FPS_Arms/Textures/Arms/T_Arms_ALB.uasset" 242
"../../../../../../Users/0x5D0/Documents/Unreal Projects/FPS/Content/DefaultContent/FPS_Arms/Materials/Arms/M_Arms.uasset" 243
"../../../../../../Users/0x5D0/Documents/Unreal Projects/FPS/Content/DefaultContent/FPS_Arms/Materials/Arms/M_Arms_Bloody.uasset" 244
"../../../../../../Users/0x5D0/Documents/Unreal Projects/FPS/Content/DefaultContent/FPS_Arms/Textures/Arms/T_Arms_Dark_ALB.uasset" 245
"../../../../../../Users/0x5D0/Documents/Unreal Projects/FPS/Content/DefaultContent/FPS_Arms/Materials/Arms/M_Arms_Dark.uasset" 246
"../../../../../../Users/0x5D0/Documents/Unreal Projects/FPS/Content/DefaultContent/FPS_Arms/Meshes/Arms/SK_Custom_Arms_Skeleton.uasset" 247
"../../../../../../Users/0x5D0/Documents/Unreal Projects/FPS/Content/DefaultContent/FPS_Arms/Meshes/Arms/SK_Custom_Arms.uasset" 248
"../../../../../../Users/0x5D0/Documents/Unreal Projects/FPS/Content/DefaultContent/Mannequin/Character/Textures/UE4Man_Logo_N.uasset" 249
"../../../../../../Users/0x5D0/Documents/Unreal Projects/FPS/Content/DefaultContent/Mannequin/Character/Textures/UE4_Mannequin_MAT_MASKA.uasset" 250
"../../../../../../Users/0x5D0/Documents/Unreal Projects/FPS/Content/DefaultContent/Mannequin/Character/Textures/UE4_Mannequin__normals.uasset" 251
"../../../../../../Users/0x5D0/Documents/Unreal Projects/FPS/Content/DefaultContent/Mannequin/Character/Textures/UE4_LOGO_CARD.uasset" 252
"../../../../../../Users/0x5D0/Documents/Unreal Projects/FPS/Content/DefaultContent/Mannequin/Character/Materials/MaterialLayers/T_ML_Rubber_Blue_01_N.uasset" 253
"../../../../../../Users/0x5D0/Documents/Unreal Projects/FPS/Content/DefaultContent/Mannequin/Character/Materials/MaterialLayers/T_ML_Rubber_Blue_01_D.uasset" 254
"../../../../../../Users/0x5D0/Documents/Unreal Projects/FPS/Content/DefaultContent/Mannequin/Character/Materials/MaterialLayers/T_ML_Aluminum01_N.uasset" 255
"../../../../../../Users/0x5D0/Documents/Unreal Projects/FPS/Content/DefaultContent/Mannequin/Character/Materials/MaterialLayers/T_ML_Aluminum01.uasset" 256
"../../../../../../Users/0x5D0/Documents/Unreal Projects/FPS/Content/DefaultContent/Mannequin/Character/Materials/MaterialLayers/ML_SoftMetal_UE4.uasset" 257
"../../../../../../Users/0x5D0/Documents/Unreal Projects/FPS/Content/DefaultContent/Mannequin/Character/Materials/MaterialLayers/ML_Plastic_Shiny_Beige_LOGO.uasset" 258
"../../../../../../Users/0x5D0/Documents/Unreal Projects/FPS/Content/DefaultContent/Mannequin/Character/Materials/MaterialLayers/ML_Plastic_Shiny_Beige.uasset" 259
"../../../../../../Users/0x5D0/Documents/Unreal Projects/FPS/Content/DefaultContent/Mannequin/Character/Materials/MaterialLayers/ML_GlossyBlack_Latex_UE4.uasset" 260
"../../../Engine/Content/Functions/MaterialLayerFunctions/MatLayerBlend_Simple.uasset" 261
"../../../Engine/Content/Functions/Engine_MaterialFunctions02/Utility/BlendAngleCorrectedNormals.uasset" 262
"../../../Engine/Content/Functions/MaterialLayerFunctions/MatLayerBlend_NormalBlend.uasset" 263
"../../../../../../Users/0x5D0/Documents/Unreal Projects/FPS/Content/DefaultContent/Mannequin/Character/Materials/M_UE4Man_Body.uasset" 264
"../../../../../../Users/0x5D0/Documents/Unreal Projects/FPS/Content/DefaultContent/Mannequin/Character/Materials/M_UE4Man_ChestLogo.uasset" 265
"../../../../../../Users/0x5D0/Documents/Unreal Projects/FPS/Content/DefaultContent/Mannequin/Character/Mesh/SK_Mannequin.uasset" 266
"../../../../../../Users/0x5D0/Documents/Unreal Projects/FPS/Content/Materials/MI_EyeMaterial1.uasset" 267
"../../../../../../Users/0x5D0/Documents/Unreal Projects/FPS/Content/Materials/MI_FaceD.uasset" 268
"../../../../../../Users/0x5D0/Documents/Unreal Projects/FPS/Content/Materials/MI_GlassGoogles.uasset" 269
"../../../../../../Users/0x5D0/Documents/Unreal Projects/FPS/Content/Materials/MI_Glass_Watches.uasset" 270
"../../../../../../Users/0x5D0/Documents/Unreal Projects/FPS/Content/Materials/M_env.uasset" 271
"../../../../../../Users/0x5D0/Documents/Unreal Projects/FPS/Content/Materials/Eyes/T_EyeBaseColorA_mkt.uasset" 272
"../../../../../../Users/0x5D0/Documents/Unreal Projects/FPS/Content/Materials/Eyes/T_EyeBaseColorB_mkt.uasset" 273
"../../../../../../Users/0x5D0/Documents/Unreal Projects/FPS/Content/Materials/Eyes/T_EyeBaseColorC_mkt.uasset" 274
"../../../../../../Users/0x5D0/Documents/Unreal Projects/FPS/Content/Materials/TestSphere/Material/MI_testSphere.uasset" 275
"../../../../../../Users/0x5D0/Documents/Unreal Projects/FPS/Content/Materials/TestSphere/Mesh/LP.uasset" 276
"../../../../../../Users/0x5D0/Documents/Unreal Projects/FPS/Content/Meshes/Ammunition/SM_556x45_Empty.uasset" 277
"../../../../../../Users/0x5D0/Documents/Unreal Projects/FPS/Content/Meshes/Modules/CF_vol3_RuSpecial/Equipment/SK_RuSpecialEquipment_PhysicsAsset.uasset" 278
"../../../../../../Users/0x5D0/Documents/Unreal Projects/FPS/Content/Meshes/Modules/CF_vol3_RuSpecial/Equipment/T_RuSpecial_Equipment_ORM.uasset" 279
"../../../../../../Users/0x5D0/Documents/Unreal Projects/FPS/Content/Meshes/Modules/CF_vol3_RuSpecial/Equipment/T_RuSpecial_Equipment_N.uasset" 280
"../../../../../../Users/0x5D0/Documents/Unreal Projects/FPS/Content/Meshes/Modules/CF_vol3_RuSpecial/Equipment/T_RuSpecial_Equipment_ID.uasset" 281
"../../../../../../Users/0x5D0/Documents/Unreal Projects/FPS/Content/Meshes/Modules/CF_vol3_RuSpecial/Equipment/T_RuSpecial_Equipment_D.uasset" 282
"../../../../../../Users/0x5D0/Documents/Unreal Projects/FPS/Content/Meshes/Modules/CF_vol3_RuSpecial/Equipment/MI_Equipment_RuSpecial.uasset" 283
"../../../../../../Users/0x5D0/Documents/Unreal Projects/FPS/Content/Meshes/Modules/CF_vol3_RuSpecial/Equipment/SK_RuSpecialEquipment.uasset" 284
"../../../../../../Users/0x5D0/Documents/Unreal Projects/FPS/Content/Meshes/Modules/CF_vol3_RuSpecial/Helmet/SK_RuSpecial_HelmetA1_PhysicsAsset.uasset" 285
"../../../../../../Users/0x5D0/Documents/Unreal Projects/FPS/Content/Meshes/Modules/CF_vol3_RuSpecial/Helmet/SK_RuSpecial_HelmetA1.uasset" 286
"../../../../../../Users/0x5D0/Documents/Unreal Projects/FPS/Content/Meshes/Modules/CF_vol3_RuSpecial/Helmet/SK_RuSpecial_HelmetA2_PhysicsAsset.uasset" 287
"../../../../../../Users/0x5D0/Documents/Unreal Projects/FPS/Content/Meshes/Modules/CF_vol3_RuSpecial/Helmet/SK_RuSpecial_HelmetA2.uasset" 288
"../../../../../../Users/0x5D0/Documents/Unreal Projects/FPS/Content/Meshes/Modules/CF_vol3_RuSpecial/HelmetB/SK_RuSpecial_HelmetB_PhysicsAsset.uasset" 289
"../../../../../../Users/0x5D0/Documents/Unreal Projects/FPS/Content/Meshes/Modules/CF_vol3_RuSpecial/HelmetB/T_RuSpecial_HelmetB_ORM.uasset" 290
"../../../../../../Users/0x5D0/Documents/Unreal Projects/FPS/Content/Meshes/Modules/CF_vol3_RuSpecial/HelmetB/T_RuSpecial_HelmetB_N.uasset" 291
"../../../../../../Users/0x5D0/Documents/Unreal Projects/FPS/Content/Meshes/Modules/CF_vol3_RuSpecial/HelmetB/T_RuSpecial_HelmetB_ID.uasset" 292
"../../../../../../Users/0x5D0/Documents/Unreal Projects/FPS/Content/Meshes/Modules/CF_vol3_RuSpecial/HelmetB/T_RuSpecial_HelmetB_D.uasset" 293
"../../../../../../Users/0x5D0/Documents/Unreal Projects/FPS/Content/Meshes/Modules/CF_vol3_RuSpecial/HelmetB/MI_HelmetB_RuSpecial.uasset" 294
"../../../../../../Users/0x5D0/Documents/Unreal Projects/FPS/Content/Meshes/Modules/CF_vol3_RuSpecial/HelmetB/SK_RuSpecial_HelmetB.uasset" 295
"../../../../../../Users/0x5D0/Documents/Unreal Projects/FPS/Content/Meshes/Modules/CF_vol3_RuSpecial/Predefined/SK_RuSpecial_setA.uasset" 296
"../../../../../../Users/0x5D0/Documents/Unreal Projects/FPS/Content/Meshes/Modules/CF_vol3_RuSpecial/Predefined/SK_RuSpecial_setB.uasset" 297
"../../../../../../Users/0x5D0/Documents/Unreal Projects/FPS/Content/Meshes/Modules/CF_vol3_RuSpecial/Predefined/SK_RuSpecial_setC.uasset" 298
"../../../../../../Users/0x5D0/Documents/Unreal Projects/FPS/Content/Meshes/Modules/CF_vol3_RuSpecial/SmallParts/SK_RuSpecEquip01_Skeleton.uasset" 299
"../../../../../../Users/0x5D0/Documents/Unreal Projects/FPS/Content/Meshes/Modules/CF_vol3_RuSpecial/SmallParts/SK_RuSpecEquip01_PhysicsAsset.uasset" 300
"../../../../../../Users/0x5D0/Documents/Unreal Projects/FPS/Content/Meshes/Modules/CF_vol3_RuSpecial/SmallParts/SK_RuSpecEquip01.uasset" 301
"../../../../../../Users/0x5D0/Documents/Unreal Projects/FPS/Content/Meshes/Modules/CF_vol3_RuSpecial/SmallParts/SK_RuSpecEquip02_Skeleton.uasset" 302
"../../../../../../Users/0x5D0/Documents/Unreal Projects/FPS/Content/Meshes/Modules/CF_vol3_RuSpecial/SmallParts/SK_RuSpecEquip02_PhysicsAsset.uasset" 303
"../../../../../../Users/0x5D0/Documents/Unreal Projects/FPS/Content/Meshes/Modules/CF_vol3_RuSpecial/SmallParts/SK_RuSpecEquip02.uasset" 304
"../../../../../../Users/0x5D0/Documents/Unreal Projects/FPS/Content/Meshes/Modules/CF_vol3_RuSpecial/SmallParts/SK_RuSpecEquip03_Skeleton.uasset" 305
"../../../../../../Users/0x5D0/Documents/Unreal Projects/FPS/Content/Meshes/Modules/CF_vol3_RuSpecial/SmallParts/SK_RuSpecEquip03_PhysicsAsset.uasset" 306
"../../../../../../Users/0x5D0/Documents/Unreal Projects/FPS/Content/Meshes/Modules/CF_vol3_RuSpecial/SmallParts/SK_RuSpecEquip03.uasset" 307
"../../../../../../Users/0x5D0/Documents/Unreal Projects/FPS/Content/Meshes/Modules/CF_vol3_RuSpecial/SmallParts/SK_RuSpecEquip04_Skeleton.uasset" 308
"../../../../../../Users/0x5D0/Documents/Unreal Projects/FPS/Content/Meshes/Modules/CF_vol3_RuSpecial/SmallParts/SK_RuSpecEquip04_PhysicsAsset.uasset" 309
"../../../../../../Users/0x5D0/Documents/Unreal Projects/FPS/Content/Meshes/Modules/CF_vol3_RuSpecial/SmallParts/SK_RuSpecEquip04.uasset" 310
"../../../../../../Users/0x5D0/Documents/Unreal Projects/FPS/Content/Meshes/Modules/CF_vol3_RuSpecial/SmallParts/SK_RuSpecEquip05_Skeleton.uasset" 311
"../../../../../../Users/0x5D0/Documents/Unreal Projects/FPS/Content/Meshes/Modules/CF_vol3_RuSpecial/SmallParts/SK_RuSpecEquip05_PhysicsAsset.uasset" 312
"../../../../../../Users/0x5D0/Documents/Unreal Projects/FPS/Content/Meshes/Modules/CF_vol3_RuSpecial/SmallParts/SK_RuSpecEquip05.uasset" 313
"../../../../../../Users/0x5D0/Documents/Unreal Projects/FPS/Content/Meshes/Modules/CF_vol3_RuSpecial/SmallParts/SK_RuSpecEquip06_Skeleton.uasset" 314
"../../../../../../Users/0x5D0/Documents/Unreal Projects/FPS/Content/Meshes/Modules/CF_vol3_RuSpecial/SmallParts/SK_RuSpecEquip06_PhysicsAsset.uasset" 315
"../../../../../../Users/0x5D0/Documents/Unreal Projects/FPS/Content/Meshes/Modules/CF_vol3_RuSpecial/SmallParts/SK_RuSpecEquip06.uasset" 316
"../../../../../../Users/0x5D0/Documents/Unreal Projects/FPS/Content/Meshes/Modules/CF_vol3_RuSpecial/SmallParts/SK_RuSpecEquip07_Skeleton.uasset" 317
"../../../../../../Users/0x5D0/Documents/Unreal Projects/FPS/Content/Meshes/Modules/CF_vol3_RuSpecial/SmallParts/SK_RuSpecEquip07_PhysicsAsset.uasset" 318
"../../../../../../Users/0x5D0/Documents/Unreal Projects/FPS/Content/Meshes/Modules/CF_vol3_RuSpecial/SmallParts/SK_RuSpecEquip07.uasset" 319
"../../../../../../Users/0x5D0/Documents/Unreal Projects/FPS/Content/Meshes/Modules/CF_vol3_RuSpecial/SmallParts/SK_RuSpecEquip08_Skeleton.uasset" 320
"../../../../../../Users/0x5D0/Documents/Unreal Projects/FPS/Content/Meshes/Modules/CF_vol3_RuSpecial/SmallParts/SK_RuSpecEquip08_PhysicsAsset.uasset" 321
"../../../../../../Users/0x5D0/Documents/Unreal Projects/FPS/Content/Meshes/Modules/CF_vol3_RuSpecial/SmallParts/SK_RuSpecEquip08.uasset" 322
"../../../../../../Users/0x5D0/Documents/Unreal Projects/FPS/Content/Meshes/Modules/CF_vol3_RuSpecial/SmallParts/SK_RuSpecEquip09_PhysicsAsset.uasset" 323
"../../../../../../Users/0x5D0/Documents/Unreal Projects/FPS/Content/Meshes/Modules/CF_vol3_RuSpecial/SmallParts/SK_RuSpecEquip09_Skeleton.uasset" 324
"../../../../../../Users/0x5D0/Documents/Unreal Projects/FPS/Content/Meshes/Modules/CF_vol3_RuSpecial/SmallParts/SK_RuSpecEquip09.uasset" 325
"../../../../../../Users/0x5D0/Documents/Unreal Projects/FPS/Content/Meshes/Modules/CF_vol3_RuSpecial/SmallParts/SK_RuSpecEquip10_Skeleton.uasset" 326
"../../../../../../Users/0x5D0/Documents/Unreal Projects/FPS/Content/Meshes/Modules/CF_vol3_RuSpecial/SmallParts/SK_RuSpecEquip10_PhysicsAsset.uasset" 327
"../../../../../../Users/0x5D0/Documents/Unreal Projects/FPS/Content/Meshes/Modules/CF_vol3_RuSpecial/SmallParts/SK_RuSpecEquip10.uasset" 328
"../../../../../../Users/0x5D0/Documents/Unreal Projects/FPS/Content/Meshes/Modules/CF_vol3_RuSpecial/SmallParts/SK_RuSpecEquip11_Skeleton.uasset" 329
"../../../../../../Users/0x5D0/Documents/Unreal Projects/FPS/Content/Meshes/Modules/CF_vol3_RuSpecial/SmallParts/SK_RuSpecEquip11_PhysicsAsset.uasset" 330
"../../../../../../Users/0x5D0/Documents/Unreal Projects/FPS/Content/Meshes/Modules/CF_vol3_RuSpecial/SmallParts/SK_RuSpecEquip11.uasset" 331
"../../../../../../Users/0x5D0/Documents/Unreal Projects/FPS/Content/Meshes/Modules/CF_vol3_RuSpecial/SmallParts/SK_RuSpecEquip12_Skeleton.uasset" 332
"../../../../../../Users/0x5D0/Documents/Unreal Projects/FPS/Content/Meshes/Modules/CF_vol3_RuSpecial/SmallParts/SK_RuSpecEquip12_PhysicsAsset.uasset" 333
"../../../../../../Users/0x5D0/Documents/Unreal Projects/FPS/Content/Meshes/Modules/CF_vol3_RuSpecial/SmallParts/SK_RuSpecEquip12.uasset" 334
"../../../../../../Users/0x5D0/Documents/Unreal Projects/FPS/Content/Meshes/Modules/CF_vol3_RuSpecial/SmallParts/SK_RuSpecEquip13_Skeleton.uasset" 335
"../../../../../../Users/0x5D0/Documents/Unreal Projects/FPS/Content/Meshes/Modules/CF_vol3_RuSpecial/SmallParts/SK_RuSpecEquip13_PhysicsAsset.uasset" 336
"../../../../../../Users/0x5D0/Documents/Unreal Projects/FPS/Content/Meshes/Modules/CF_vol3_RuSpecial/SmallParts/SK_RuSpecEquip13.uasset" 337
"../../../../../../Users/0x5D0/Documents/Unreal Projects/FPS/Content/Meshes/Modules/CF_vol3_RuSpecial/SmallParts/SK_RuSpecEquip14_Skeleton.uasset" 338
"../../../../../../Users/0x5D0/Documents/Unreal Projects/FPS/Content/Meshes/Modules/CF_vol3_RuSpecial/SmallParts/SK_RuSpecEquip14_PhysicsAsset.uasset" 339
"../../../../../../Users/0x5D0/Documents/Unreal Projects/FPS/Content/Meshes/Modules/CF_vol3_RuSpecial/SmallParts/SK_RuSpecEquip14.uasset" 340
"../../../../../../Users/0x5D0/Documents/Unreal Projects/FPS/Content/Meshes/Modules/CF_vol3_RuSpecial/Vest/SK_RuSpecial_Vest_PhysicsAsset.uasset" 341
"../../../../../../Users/0x5D0/Documents/Unreal Projects/FPS/Content/Meshes/RU74/SK_RU74_Physics.uasset" 342
"../../../../../../Users/0x5D0/Documents/Unreal Projects/FPS/Content/Meshes/RU74/SK_RU74.uasset" 343
"../../../../../../Users/0x5D0/Documents/Unreal Projects/FPS/Content/Meshes/RU74/SM_RU74_Muzzle.uasset" 344
"../../../../../../Users/0x5D0/Documents/Unreal Projects/FPS/Content/Particles/Textures/T_Dense_FMP.uasset" 345
"../../../../../../Users/0x5D0/Documents/Unreal Projects/FPS/Content/Particles/Textures/T_Wobbly_FMP.uasset" 346
"../../../../../../Users/0x5D0/Documents/Unreal Projects/FPS/Content/Textures/Decals/T_decal_swat.uasset" 347
"../../../../../../Users/0x5D0/Documents/Unreal Projects/FPS/Content/Textures/Decals/T_Number5_Decal.uasset" 348
"../../../../../../Users/0x5D0/Documents/Unreal Projects/FPS/Content/Textures/FaceB/T_GHead_B_D.uasset" 349
"../../../../../../Users/0x5D0/Documents/Unreal Projects/FPS/Content/Textures/FaceB/T_GHead_B_N.uasset" 350
"../../../../../../Users/0x5D0/Documents/Unreal Projects/FPS/Content/Textures/FaceB/T_GHead_B_ORM.uasset" 351
"../../../../../../Users/0x5D0/Documents/Unreal Projects/FPS/Content/Textures/FaceD/T_GHead_D_D.uasset" 352
"../../../../../../Users/0x5D0/Documents/Unreal Projects/FPS/Content/Textures/FaceD/T_GHead_D_N.uasset" 353
"../../../../../../Users/0x5D0/Documents/Unreal Projects/FPS/Content/Textures/FaceD/T_GHead_D_ORM.uasset" 354
"../../../../../../Users/0x5D0/Documents/Unreal Projects/FPS/Content/Textures/Rifle/T_Rifle_ALB.uasset" 355
"../../../../../../Users/0x5D0/Documents/Unreal Projects/FPS/Content/Textures/Rifle/T_Rifle_Carry_ALB.uasset" 356
"../../../../../../Users/0x5D0/Documents/Unreal Projects/FPS/Content/Textures/Rifle/T_Rifle_Carry_M_MSK.uasset" 357
"../../../../../../Users/0x5D0/Documents/Unreal Projects/FPS/Content/Textures/Rifle/T_Rifle_Carry_NRM.uasset" 358
"../../../../../../Users/0x5D0/Documents/Unreal Projects/FPS/Content/Textures/Rifle/T_Rifle_Furniture_ALB.uasset" 359
"../../../../../../Users/0x5D0/Documents/Unreal Projects/FPS/Content/Textures/Rifle/T_Rifle_Furniture_M_MSK.uasset" 360
"../../../../../../Users/0x5D0/Documents/Unreal Projects/FPS/Content/Textures/Rifle/T_Rifle_Furniture_NRM.uasset" 361
"../../../../../../Users/0x5D0/Documents/Unreal Projects/FPS/Content/Textures/Rifle/T_Rifle_M_MSK.uasset" 362
"../../../../../../Users/0x5D0/Documents/Unreal Projects/FPS/Content/Textures/Rifle/T_Rifle_NRM.uasset" 363
"../../../../../../Users/0x5D0/Documents/Unreal Projects/FPS/Content/Textures/Tiles/T_Blue.uasset" 364
"../../../../../../Users/0x5D0/Documents/Unreal Projects/FPS/Content/Textures/Tiles/T_CamoGermanWWII_A.uasset" 365
"../../../../../../Users/0x5D0/Documents/Unreal Projects/FPS/Content/Textures/Tiles/T_CamoGermanWWII_B.uasset" 366
"../../../../../../Users/0x5D0/Documents/Unreal Projects/FPS/Content/Textures/Tiles/T_CamoGermanWWII_C.uasset" 367
"../../../../../../Users/0x5D0/Documents/Unreal Projects/FPS/Content/Textures/Tiles/T_Denim_d.uasset" 368
"../../../../../../Users/0x5D0/Documents/Unreal Projects/FPS/Content/Textures/Tiles/T_TacticalCity.uasset" 369
"../../../../../../Users/0x5D0/Documents/Unreal Projects/FPS/Content/Textures/Tiles/T_TacticalDesert.uasset" 370
"../../../../../../Users/0x5D0/Documents/Unreal Projects/FPS/Content/Textures/Tiles/T_TacticalForest.uasset" 371
"../../../../../../Users/0x5D0/Documents/Unreal Projects/FPS/Content/UserInterface/Widgets/MainMenu/WBP_ErrorDialog.uasset" 372
"../../../Engine/Content/EngineMaterials/T_Default_Material_Grid_N.uasset" 373
"../../../Engine/Content/EngineMaterials/T_Default_Material_Grid_M.uasset" 374
"../../../Engine/Content/Functions/Engine_MaterialFunctions01/Opacity/CameraDepthFade.uasset" 375
"../../../Engine/Content/EngineMaterials/WorldGridMaterial.uasset" 376
"../../../Engine/Content/ArtTools/RenderToTexture/Meshes/S_1_Unit_Plane.uasset" 377
"../../../Engine/Content/EngineMaterials/DefaultMaterial.uasset" 378
"../../../Engine/Content/BasicShapes/Cone.uasset" 379
"../../../Engine/Content/BasicShapes/Plane.uasset" 380
"../../../Engine/Content/BasicShapes/Sphere.uasset" 381
"../../../Engine/Content/EditorLandscapeResources/DataLayer.uasset" 382
"../../../Engine/Content/EditorLandscapeResources/DefaultAlphaTexture.uasset" 383
"../../../Engine/Content/EditorMaterials/MAT_Groups_Toggle.uasset" 384
"../../../Engine/Content/EditorMaterials/MAT_Groups_Visibility.uasset" 385
"../../../Engine/Content/EditorMaterials/PreviewShadowIndicator.uasset" 386
"../../../Engine/Content/EditorMaterials/PreviewShadowIndicatorMaterial.uasset" 387
"../../../Engine/Content/EditorMaterials/MatineeGroups/MAT_ColorTrack.uasset" 388
"../../../Engine/Content/EditorMaterials/MatineeGroups/MAT_Groups_Anim.uasset" 389
"../../../Engine/Content/EditorMaterials/MatineeGroups/MAT_Groups_AudioMaster.uasset" 390
"../../../Engine/Content/EditorMaterials/MatineeGroups/MAT_Groups_Director.uasset" 391
"../../../Engine/Content/EditorMaterials/MatineeGroups/MAT_Groups_Event.uasset" 392
"../../../Engine/Content/EditorMaterials/MatineeGroups/MAT_Groups_Fade.uasset" 393
"../../../Engine/Content/EditorMaterials/MatineeGroups/MAT_Groups_Float.uasset" 394
"../../../Engine/Content/EditorMaterials/MatineeGroups/MAT_Groups_Move.uasset" 395
"../../../Engine/Content/EditorMaterials/MatineeGroups/MAT_Groups_Slomo.uasset" 396
"../../../Engine/Content/EditorMaterials/MatineeGroups/MAT_Groups_Sound.uasset" 397
"../../../Engine/Content/EditorMaterials/MatineeGroups/MAT_Groups_Vector.uasset" 398
"../../../Engine/Content/EditorMaterials/ParticleSystems/PSysThumbnail_NoImage.uasset" 399
"../../../Engine/Content/EditorMaterials/ParticleSystems/PSysThumbnail_OOD.uasset" 400
"../../../Engine/Content/EditorMaterials/Camera/CineMat.uasset" 401
"../../../Engine/Content/EditorMaterials/Camera/MI_CineMat_Rig.uasset" 402
"../../../Engine/Content/EditorMeshes/Camera/SM_CraneRig_Arm.uasset" 403
"../../../Engine/Content/EditorMeshes/Camera/SM_CraneRig_Base.uasset" 404
"../../../Engine/Content/EditorMeshes/Camera/SM_CraneRig_Body.uasset" 405
"../../../Engine/Content/EditorMeshes/Camera/SM_CraneRig_Mount.uasset" 406
"../../../Engine/Content/EditorMeshes/Camera/SM_RailRig_Mount.uasset" 407
"../../../Engine/Content/EditorMeshes/Camera/SM_RailRig_Track.uasset" 408
"../../../Engine/Content/EditorResources/BSPVertex.uasset" 409
"../../../Engine/Content/EditorResources/EmptyActor.uasset" 410
"../../../Engine/Content/EditorResources/S_Actor.uasset" 411
"../../../Engine/Content/EditorResources/S_Note.uasset" 412
"../../../Engine/Content/EditorResources/S_Solver.uasset" 413
"../../../Engine/Content/EditorResources/S_Terrain.uasset" 414
"../../../Engine/Content/EditorResources/S_Trigger.uasset" 415
"../../../Engine/Content/EditorResources/LightIcons/S_LightError.uasset" 416
"../../../Engine/Content/EditorResources/SequenceRecorder/Countdown.uasset" 417
"../../../Engine/Content/EditorResources/SequenceRecorder/RecordingIndicator.uasset" 418
"../../../Engine/Content/EngineDamageTypes/DmgTypeBP_Environmental.uasset" 419
"../../../Engine/Content/EngineDebugMaterials/DebugEditorMaterial.uasset" 420
"../../../Engine/Content/EngineDebugMaterials/DebugMeshMaterial.uasset" 421
"../../../Engine/Content/EngineDebugMaterials/M_SimpleUnlitTranslucent.uasset" 422
"../../../Engine/Content/EngineDebugMaterials/VolumeToRender.uasset" 423
"../../../Engine/Content/Functions/Engine_MaterialFunctions02/Utility/CameraDirectionVector.uasset" 424
"../../../Engine/Content/EngineDebugMaterials/M_VolumeRenderSphereTracePP.uasset" 425
"../../../Engine/Content/Functions/Engine_MaterialFunctions01/Shading/ConvertFromDiffSpec.uasset" 426
"../../../Engine/Content/EngineDebugMaterials/VertexColorMaterial.uasset" 427
"../../../Engine/Content/EngineDebugMaterials/WireframeMaterial.uasset" 428
"../../../Engine/Content/EngineFonts/Faces/RobotoRegular.uasset" 429
"../../../Engine/Content/EngineFonts/Faces/RobotoLight.uasset" 430
"../../../Engine/Content/EngineFonts/Faces/RobotoItalic.uasset" 431
"../../../Engine/Content/EngineFonts/Faces/RobotoBoldItalic.uasset" 432
"../../../Engine/Content/EngineFonts/Faces/RobotoBold.uasset" 433
"../../../Engine/Content/EngineFonts/Faces/DroidSansFallback.uasset" 434
"../../../Engine/Content/EngineFonts/Roboto.uasset" 435
"../../../Engine/Content/EngineMaterials/BaseFlattenNormalMap.uasset" 436
"../../../Engine/Content/EngineMaterials/BaseFlattenGrayscaleMap.uasset" 437
"../../../Engine/Content/EngineMaterials/BaseFlattenEmissiveMap.uasset" 438
"../../../Engine/Content/EngineMaterials/BaseFlattenDiffuseMap.uasset" 439
"../../../Engine/Content/EngineMaterials/BaseFlattenMaterial.uasset" 440
"../../../Engine/Content/EngineMaterials/BlueNoise.uasset" 441
"../../../Engine/Content/EngineMaterials/DefaultBloomKernel.uasset" 442
"../../../Engine/Content/EngineMaterials/DefaultBokeh.uasset" 443
"../../../Engine/Content/EngineMaterials/DefaultDiffuse.uasset" 444
"../../../Engine/Content/EngineMaterials/DefaultDeferredDecalMaterial.uasset" 445
"../../../Engine/Content/EngineMaterials/DefaultLightFunctionMaterial.uasset" 446
"../../../Engine/Content/EngineMaterials/DefaultPhysicalMaterial.uasset" 447
"../../../Engine/Content/EngineMaterials/DefaultPostProcessMaterial.uasset" 448
"../../../Engine/Content/EngineFonts/RobotoDistanceField.uasset" 449
"../../../Engine/Content/EngineMaterials/DefaultTextMaterialOpaque.uasset" 450
"../../../Engine/Content/EngineMaterials/DefaultWhiteGrid.uasset" 451
"../../../Engine/Content/EngineMaterials/DefaultWhiteGrid_Low.uasset" 452
"../../../Engine/Content/EngineMaterials/EmissiveMeshMaterial.uasset" 453
"../../../Engine/Content/EngineMaterials/GizmoMaterial.uasset" 454
"../../../Engine/Content/EngineMaterials/Good64x64TilingNoiseHighFreq.uasset" 455
"../../../Engine/Content/EngineMaterials/MiniFont.uasset" 456
"../../../Engine/Content/EngineMaterials/InvalidLightmapSettings.uasset" 457
"../../../Engine/Content/EngineMaterials/M_InvalidLightmapSettings.uasset" 458
"../../../Engine/Content/Functions/Engine_MaterialFunctions02/WorldPositionOffset/CameraOffset.uasset" 459
"../../../Engine/Content/EngineMaterials/PhAT_JointLimitMaterial.uasset" 460
"../../../Engine/Content/EngineMaterials/PreintegratedSkinBRDF.uasset" 461
"../../../Engine/Content/EngineMaterials/RemoveSurfaceMaterial.uasset" 462
"../../../Engine/Content/EngineMaterials/WeightMapPlaceholderTexture.uasset" 463
"../../../Engine/Content/EngineResources/WhiteSquareTexture.uasset" 464
"../../../Engine/Content/EngineMaterials/Widget3DPassThrough.uasset" 465
"../../../Engine/Content/EngineMaterials/Widget3DPassThrough_Masked.uasset" 466
"../../../Engine/Content/EngineMaterials/Widget3DPassThrough_Opaque.uasset" 467
"../../../Engine/Content/EngineMaterials/Widget3DPassThrough_Masked_OneSided.uasset" 468
"../../../Engine/Content/EngineMaterials/Widget3DPassThrough_Opaque_OneSided.uasset" 469
"../../../Engine/Content/EngineMaterials/Widget3DPassThrough_Translucent.uasset" 470
"../../../Engine/Content/EngineMaterials/Widget3DPassThrough_Translucent_OneSided.uasset" 471
"../../../Engine/Content/EngineMeshes/Cylinder.uasset" 472
"../../../Engine/Content/EngineMeshes/Sphere.uasset" 473
"../../../Engine/Content/EngineResources/Black.uasset" 474
"../../../Engine/Content/EngineResources/DefaultTextureCube.uasset" 475
"../../../Engine/Content/EngineResources/DefaultVolumeTexture2D.uasset" 476
"../../../Engine/Content/EngineResources/DefaultVolumeTexture.uasset" 477
"../../../Engine/Content/EngineResources/GradientTexture0.uasset" 478
"../../../Engine/Content/EngineSky/VolumetricClouds/T_NoiseShape64.uasset" 479
"../../../Engine/Content/EngineSky/VolumetricClouds/T_VolumeNoiseShape64.uasset" 480
"../../../Engine/Content/EngineSky/VolumetricClouds/T_NoiseErosion.uasset" 481
"../../../Engine/Content/EngineSky/VolumetricClouds/T_VolumeNoiseErosion32.uasset" 482
"../../../Engine/Content/EngineSky/VolumetricClouds/CloudWeatherTexture.uasset" 483
"../../../Engine/Content/EngineSky/VolumetricClouds/CloudGradientTexture.uasset" 484
"../../../Engine/Content/EngineSky/VolumetricClouds/m_SimpleVolumetricCloud.uasset" 485
"../../../Engine/Content/EngineSky/VolumetricClouds/m_SimpleVolumetricCloud_Inst.uasset" 486
"../../../Engine/Content/EngineSounds/Master.uasset" 487
"../../../Engine/Content/Functions/Engine_MaterialFunctions01/Shading/PowerToRoughness.uasset" 488
"../../../Engine/Content/Maps/Templates/Thumbnails/Default.uasset" 489
"../../../Engine/Content/Maps/Templates/Thumbnails/TimeOfDay.uasset" 490
"../../../Engine/Content/Maps/Templates/Thumbnails/VR-Basic.uasset" 491
"../../../Engine/Content/MobileResources/T_MobileControls_texture.uasset" 492
"../../../Engine/Content/MobileResources/T_MobileMenu2.uasset" 493
"../../../Engine/Content/MobileResources/HUD/AnalogHat.uasset" 494
"../../../Engine/Content/MobileResources/HUD/VirtualJoystick_Thumb.uasset" 495
"../../../Engine/Content/MobileResources/HUD/VirtualJoystick_Background.uasset" 496
"../../../Engine/Content/MobileResources/HUD/DefaultVirtualJoysticks.uasset" 497
"../../../Engine/Content/MobileResources/HUD/LeftVirtualJoystickOnly.uasset" 498
"../../../Engine/Content/MobileResources/HUD/MobileHUDButton1_off.uasset" 499
"../../../Engine/Content/MobileResources/HUD/MobileHUDButton1_on.uasset" 500
"../../../Engine/Content/MobileResources/HUD/MobileHUDButton2_off.uasset" 501
"../../../Engine/Content/MobileResources/HUD/MobileHUDButton2_on.uasset" 502
"../../../Engine/Content/MobileResources/HUD/MobileHUDButton3.uasset" 503
"../../../Engine/Content/MobileResources/HUD/MobileHUDButtonFire.uasset" 504
"../../../Engine/Content/MobileResources/HUD/MobileHUDDirectionPad.uasset" 505
"../../../Engine/Content/MobileResources/HUD/MobileHUDDirectionPad2.uasset" 506
"../../../Engine/Content/MobileResources/HUD/MobileHUDDirectionPad3.uasset" 507
"../../../Engine/Content/MobileResources/HUD/MobileHUDDirectionStick.uasset" 508
"../../../Engine/Content/MobileResources/HUD/T_Castle_ThumbstickInner.uasset" 509
"../../../Engine/Content/MobileResources/HUD/T_Castle_ThumbstickOutter.uasset" 510
"../../../Engine/Content/Tutorial/ContentIntroCurve.uasset" 511
"../../../Engine/Content/Tutorial/Basics/LevelEditorAttract.uasset" 512
"../../../Engine/Content/Tutorial/Basics/TutorialAssets/icon_tab_Levels_40x.uasset" 513
"../../../Engine/Content/Tutorial/Basics/LevelEditorOverview.uasset" 514
"../../../Engine/Content/Tutorial/BlueprintTutorials/TutorialAssets/Blueprint_64x.uasset" 515
"../../../Engine/Content/Tutorial/BlueprintTutorials/BlueprintEditorTutorial.uasset" 516
"../../../Engine/Content/VREditor/TransformGizmo/TranslucentTransformGizmoMaterial.uasset" 517
"../../../Engine/Content/VREditor/LaserPointer/VR_LaserPower_01.uasset" 518
"../../../Engine/Content/VREditor/TransformGizmo/TransformGizmoMaterial.uasset" 519
"../../../Engine/Content/VREditor/TransformGizmo/BoundingBoxCorner.uasset" 520
"../../../Engine/Content/VREditor/TransformGizmo/BoundingBoxEdge.uasset" 521
"../../../Engine/Content/VREditor/TransformGizmo/PlaneTranslationHandle.uasset" 522
"../../../Engine/Content/VREditor/TransformGizmo/Xray.uasset" 523
"../../../Engine/Content/VREditor/TransformGizmo/Main.uasset" 524
"../../../Engine/Content/VREditor/TransformGizmo/SM_Sequencer_Key.uasset" 525
"../../../Engine/Content/VREditor/TransformGizmo/SM_Sequencer_Node.uasset" 526
"../../Plugins/2D/Paper2D/Content/PlaceholderTextures/DummySpriteTexture.uasset" 527
"../../Plugins/2D/Paper2D/Content/DummySprite.uasset" 528
"../../Plugins/2D/Paper2D/Content/DefaultPaperTerrainMaterial.uasset" 529
"../../Plugins/2D/Paper2D/Content/DefaultSpriteMaterial.uasset" 530
"../../Plugins/2D/Paper2D/Content/MaskedUnlitSpriteMaterial.uasset" 531
"../../Plugins/2D/Paper2D/Content/OpaqueUnlitSpriteMaterial.uasset" 532
"../../../Engine/Content/BasicShapes/Cylinder.uasset" 533
"../../../Engine/Content/ArtTools/RenderToTexture/Materials/Debug/M_Emissive_Color.uasset" 534
"../../Plugins/Lumin/MagicLeapPassableWorld/Content/MagicLeapARPinInfoActor.uasset" 535
"../../../Engine/Content/Functions/Engine_MaterialFunctions02/ObjectLocalBounds.uasset" 536
"../../../Engine/Content/Functions/Engine_MaterialFunctions02/Utility/BreakOutFloat3Components.uasset" 537
"../../Plugins/Editor/SpeedTreeImporter/Content/SpeedTree9/UnpackInteger3.uasset" 538
"../../Plugins/Editor/SpeedTreeImporter/Content/SpeedTree9/UnpackDirection.uasset" 539
"../../Plugins/Editor/SpeedTreeImporter/Content/SpeedTree9/game_wind_noise.uasset" 540
"../../../Engine/Content/Functions/Engine_MaterialFunctions02/SafeNormalize.uasset" 541
"../../Plugins/Editor/SpeedTreeImporter/Content/SpeedTree9/SpeedTreeWindMotion.uasset" 542
"../../Plugins/Editor/SpeedTreeImporter/Content/SpeedTree9/SpeedTreeBranchMotion.uasset" 543
"../../../Engine/Content/Functions/Engine_MaterialFunctions02/UVs/BoundingBoxBased_0-1_UVW.uasset" 544
"../../Plugins/Editor/SpeedTreeImporter/Content/SpeedTree9/SpeedTreeWind.uasset" 545
"../../Plugins/Editor/SpeedTreeImporter/Content/SpeedTree9/SpeedTreeBillboard.uasset" 546
"../../Plugins/Editor/SpeedTreeImporter/Content/SpeedTree9/SpeedTreeBillboardMaster.uasset" 547
"../../Plugins/Editor/SpeedTreeImporter/Content/SpeedTree9/SpeedTreeCameraFacing.uasset" 548
"../../Plugins/Editor/SpeedTreeImporter/Content/SpeedTree9/SpeedTreeMaster.uasset" 549
"../../../Engine/Content/Functions/Engine_MaterialFunctions02/Utility/MakeFloat3.uasset" 550
"../../../Engine/Content/Functions/Engine_MaterialFunctions02/Utility/BreakOutFloat4Components.uasset" 551
"../../Plugins/Runtime/Oculus/OculusVR/Content/Materials/OculusMR_ChromaKey.uasset" 552
"../../Plugins/Runtime/Oculus/OculusVR/Content/Materials/OculusMR_OpaqueColoredMaterial.uasset" 553
"../../Plugins/Runtime/Oculus/OculusVR/Content/Materials/PokeAHoleMaterial.uasset" 554
"../../../Engine/Content/EngineSky/T_Sky_Stars.uasset" 555
"../../../Engine/Content/EngineSky/T_Sky_Clouds_M.uasset" 556
"../../../Engine/Content/EngineSky/T_Sky_Blue.uasset" 557
"../../../Engine/Content/BasicShapes/Cube.uasset" 558
"../../../Engine/Content/EngineSky/M_Sky_Panning_Clouds2.uasset" 559
"../../../Engine/Content/EngineSky/SM_SkySphere.uasset" 560
"../../../Engine/Content/EngineSky/C_Sky_Zenith_Color.uasset" 561
"../../../Engine/Content/EngineSky/C_Sky_Horizon_Color.uasset" 562
"../../../Engine/Content/EngineSky/C_Sky_Cloud_Color.uasset" 563
"../../../Engine/Content/EngineSky/BP_Sky_Sphere.uasset" 564
"../../../Engine/Content/VREditor/Devices/Vive/UE4_Logo.uasset" 565
"../../../../../../Users/0x5D0/Documents/Unreal Projects/FPS/Content/Blueprints/Player/PlayerInfo.uasset" 566
"../../../Engine/Content/EditorResources/BadBlueprintSprite.uasset" 567
"../../../Engine/Content/EditorBlueprintResources/ActorMacros.uasset" 568
"../../../../../../Users/0x5D0/Documents/Unreal Projects/FPS/Content/UserInterface/Widgets/MainMenu/WBP_ServerMenu.uasset" 569
"../../../../../../Users/0x5D0/Documents/Unreal Projects/FPS/Content/Blueprints/Framework/BP_PlayerSaveGame.uasset" 570
"../../../../../../Users/0x5D0/Documents/Unreal Projects/FPS/Content/UserInterface/Widgets/MainMenu/WBP_OptionsMenu.uasset" 571
"../../../../../../Users/0x5D0/Documents/Unreal Projects/FPS/Content/UserInterface/Widgets/MainMenu/WBP_MainMenu.uasset" 572
"../../../../../../Users/0x5D0/Documents/Unreal Projects/FPS/Content/UserInterface/Widgets/MainMenu/WBP_HostMenu.uasset" 573
"../../../../../../Users/0x5D0/Documents/Unreal Projects/FPS/Content/UserInterface/Widgets/AllLevel/WBP_LoadingScreen.uasset" 574
"../../../../../../Users/0x5D0/Documents/Unreal Projects/FPS/Content/UserInterface/Widgets/AllLevel/WBP_ErrorDialog.uasset" 575
"../../../../../../Users/0x5D0/Documents/Unreal Projects/FPS/Content/Blueprints/Framework/BP_GameInfoInstance.uasset" 576
"../../../../../../Users/0x5D0/Documents/Unreal Projects/FPS/Content/Blueprints/Lobby/BP_LobbyGameMode.uasset" 577
"../../../../../../Users/0x5D0/Documents/Unreal Projects/FPS/Content/UserInterface/Widgets/Lobby/WBP_PlayerButton.uasset" 578
"../../../Engine/Content/Functions/Engine_MaterialFunctions02/ExampleContent/Textures/testPattern2.uasset" 579
"../../../Engine/Content/Functions/Engine_MaterialFunctions02/ExampleContent/Textures/testPattern1.uasset" 580
"../../../Engine/Content/ArtTools/RenderToTexture/Textures/127grey.uasset" 581
"../../../../../../Users/0x5D0/Documents/Unreal Projects/FPS/Content/UserInterface/Widgets/Lobby/WBP_GameSettings.uasset" 582
"../../../../../../Users/0x5D0/Documents/Unreal Projects/FPS/Content/UserInterface/Widgets/Lobby/WBP_ConnectedPlayer.uasset" 583
"../../../../../../Users/0x5D0/Documents/Unreal Projects/FPS/Content/UserInterface/Widgets/Lobby/WBP_LobbyMenu.uasset" 584
"../../../../../../Users/0x5D0/Documents/Unreal Projects/FPS/Content/Blueprints/Lobby/BP_LobbyController.uasset" 585
"../../../../../../Users/0x5D0/Documents/Unreal Projects/FPS/Content/UserInterface/Widgets/AllLevel/WBP_ChatText.uasset" 586
"../../../../../../Users/0x5D0/Documents/Unreal Projects/FPS/Content/UserInterface/Widgets/AllLevel/WBP_ChatWindow.uasset" 587
"../../../../../../Users/0x5D0/Documents/Unreal Projects/FPS/Content/UserInterface/Widgets/AllLevel/WBP_GameplayChat.uasset" 588
"../../../../../../Users/0x5D0/Documents/Unreal Projects/FPS/Content/Blueprints/CameraManager/BP_CharacterCameraManager.uasset" 589
"../../../../../../Users/0x5D0/Documents/Unreal Projects/FPS/Content/Blueprints/Player/BP_CharacterController.uasset" 590
"../../../../../../Users/0x5D0/Documents/Unreal Projects/FPS/Content/Blueprints/Framework/BP_FPSGameModeBase.uasset" 591
"../../../Engine/Content/BasicShapes/BasicShapeMaterial.uasset" 592
"../../../../../../Users/0x5D0/Documents/Unreal Projects/FPS/Content/Maps/Arena1_BuiltData.uasset" 593
"../../../../../../Users/0x5D0/Documents/Unreal Projects/FPS/Content/Maps/Arena1.umap" 594
"../../../../../../Users/0x5D0/Documents/Unreal Projects/FPS/Content/Maps/Arena2.umap" 595
"../../../../../../Users/0x5D0/Documents/Unreal Projects/FPS/Content/Maps/Lobby_BuiltData.uasset" 596
"../../../../../../Users/0x5D0/Documents/Unreal Projects/FPS/Content/Maps/Lobby.umap" 597
"../../../../../../Users/0x5D0/Documents/Unreal Projects/FPS/Content/Maps/MainMenu.umap" 598
"../../../../../../Users/0x5D0/Documents/Unreal Projects/FPS/Content/Maps/TravelMap.umap" 599
